2020-07-23 12:22:51.356[main] DEBUG com.o2o.dao.ShopDao.insertShop - ==>  Preparing: INSERT INTO tb_shop(owner_id,area_id,shop_category_id,shop_name,shop_desc,shop_addr, phone,shop_img,priority,create_time,last_edit_time,enable_status,advice) VALUES (?,?,?,?,?,?, ?,?,?,?,?,?,?)
2020-07-23 12:22:51.433[main] DEBUG com.o2o.dao.ShopDao.insertShop - ==> Parameters: 1(Long), 2(Integer), 1(Long), 测试店铺4(String), test4(String), null, test4(String), test4(String), 1(Integer), 2020-07-23 12:22:50.253(Timestamp), 2020-07-23 12:22:50.253(Timestamp), 0(Integer), 审核中(String)
2020-07-23 12:22:51.475[main] DEBUG com.o2o.dao.ShopDao.insertShop - <==    Updates: 1
2020-07-23 12:22:51.637[main] DEBUG com.o2o.dao.ShopDao.updateShop - ==>  Preparing: update tb_shop SET shop_name=?, shop_desc=?, phone=?, shop_img=?, priority=?, last_edit_time=?, enable_status=?, advice=?, shop_category_id=? where shop_id=?
2020-07-23 12:22:51.638[main] DEBUG com.o2o.dao.ShopDao.updateShop - ==> Parameters: 测试店铺4(String), test4(String), test4(String), \upload\item\shop9\2020072312225120750.png(String), 1(Integer), 2020-07-23 12:22:50.253(Timestamp), 0(Integer), 审核中(String), 1(Long), 9(Long)
2020-07-23 12:22:51.675[main] DEBUG com.o2o.dao.ShopDao.updateShop - <==    Updates: 1
2020-07-23 12:31:14.454[main] DEBUG com.o2o.dao.ShopDao.insertShop - ==>  Preparing: INSERT INTO tb_shop(owner_id,area_id,shop_category_id,shop_name,shop_desc,shop_addr, phone,shop_img,priority,create_time,last_edit_time,enable_status,advice) VALUES (?,?,?,?,?,?, ?,?,?,?,?,?,?)
2020-07-23 12:31:14.522[main] DEBUG com.o2o.dao.ShopDao.insertShop - ==> Parameters: 1(Long), 2(Integer), 1(Long), 测试店铺4(String), test4(String), null, test4(String), test4(String), 1(Integer), 2020-07-23 12:31:13.569(Timestamp), 2020-07-23 12:31:13.569(Timestamp), 0(Integer), 审核中(String)
2020-07-23 12:31:14.539[main] DEBUG com.o2o.dao.ShopDao.insertShop - <==    Updates: 1
2020-07-23 12:41:09.520[main] DEBUG com.o2o.dao.ShopDao.insertShop - ==>  Preparing: INSERT INTO tb_shop(owner_id,area_id,shop_category_id,shop_name,shop_desc,shop_addr, phone,shop_img,priority,create_time,last_edit_time,enable_status,advice) VALUES (?,?,?,?,?,?, ?,?,?,?,?,?,?)
2020-07-23 12:41:09.586[main] DEBUG com.o2o.dao.ShopDao.insertShop - ==> Parameters: 1(Long), 2(Integer), 1(Long), 测试店铺4(String), test4(String), null, test4(String), test4(String), 1(Integer), 2020-07-23 12:41:09.461(Timestamp), 2020-07-23 12:41:09.461(Timestamp), 0(Integer), 审核中(String)
2020-07-23 12:41:09.593[main] DEBUG com.o2o.dao.ShopDao.insertShop - <==    Updates: 1
2020-07-23 12:54:32.809[main] DEBUG com.o2o.dao.ShopDao.insertShop - ==>  Preparing: INSERT INTO tb_shop(owner_id,area_id,shop_category_id,shop_name,shop_desc,shop_addr, phone,shop_img,priority,create_time,last_edit_time,enable_status,advice) VALUES (?,?,?,?,?,?, ?,?,?,?,?,?,?)
2020-07-23 12:54:32.888[main] DEBUG com.o2o.dao.ShopDao.insertShop - ==> Parameters: 1(Long), 2(Integer), 1(Long), 测试店铺4(String), test4(String), null, test4(String), test4(String), 1(Integer), 2020-07-23 12:54:32.754(Timestamp), 2020-07-23 12:54:32.754(Timestamp), 0(Integer), 审核中(String)
2020-07-23 12:54:32.893[main] DEBUG com.o2o.dao.ShopDao.insertShop - <==    Updates: 1
2020-07-23 12:54:33.242[main] DEBUG com.o2o.dao.ShopDao.updateShop - ==>  Preparing: update tb_shop SET shop_name=?, shop_desc=?, phone=?, shop_img=?, priority=?, last_edit_time=?, enable_status=?, advice=?, shop_category_id=? where shop_id=?
2020-07-23 12:54:33.243[main] DEBUG com.o2o.dao.ShopDao.updateShop - ==> Parameters: 测试店铺4(String), test4(String), test4(String), \upload\item\shop12\2020072312543270392.png(String), 1(Integer), 2020-07-23 12:54:32.754(Timestamp), 0(Integer), 审核中(String), 1(Long), 12(Long)
2020-07-23 12:54:33.247[main] DEBUG com.o2o.dao.ShopDao.updateShop - <==    Updates: 1
2020-07-23 12:56:49.232[main] DEBUG com.o2o.dao.ShopDao.insertShop - ==>  Preparing: INSERT INTO tb_shop(owner_id,area_id,shop_category_id,shop_name,shop_desc,shop_addr, phone,shop_img,priority,create_time,last_edit_time,enable_status,advice) VALUES (?,?,?,?,?,?, ?,?,?,?,?,?,?)
2020-07-23 12:56:49.310[main] DEBUG com.o2o.dao.ShopDao.insertShop - ==> Parameters: 1(Long), 2(Integer), 1(Long), 测试店铺5(String), test5(String), null, test5(String), test5(String), 1(Integer), 2020-07-23 12:56:49.154(Timestamp), 2020-07-23 12:56:49.154(Timestamp), 0(Integer), 审核中(String)
2020-07-23 12:56:49.314[main] DEBUG com.o2o.dao.ShopDao.insertShop - <==    Updates: 1
2020-07-23 12:56:49.428[main] DEBUG com.o2o.dao.ShopDao.updateShop - ==>  Preparing: update tb_shop SET shop_name=?, shop_desc=?, phone=?, shop_img=?, priority=?, last_edit_time=?, enable_status=?, advice=?, shop_category_id=? where shop_id=?
2020-07-23 12:56:49.430[main] DEBUG com.o2o.dao.ShopDao.updateShop - ==> Parameters: 测试店铺5(String), test5(String), test5(String), \upload\item\shop13\2020072312564975840.png(String), 1(Integer), 2020-07-23 12:56:49.154(Timestamp), 0(Integer), 审核中(String), 1(Long), 13(Long)
2020-07-23 12:56:49.434[main] DEBUG com.o2o.dao.ShopDao.updateShop - <==    Updates: 1
2020-07-23 13:00:37.818[main] DEBUG com.o2o.dao.ShopDao.insertShop - ==>  Preparing: INSERT INTO tb_shop(owner_id,area_id,shop_category_id,shop_name,shop_desc,shop_addr, phone,shop_img,priority,create_time,last_edit_time,enable_status,advice) VALUES (?,?,?,?,?,?, ?,?,?,?,?,?,?)
2020-07-23 13:00:37.887[main] DEBUG com.o2o.dao.ShopDao.insertShop - ==> Parameters: 1(Long), 2(Integer), 1(Long), 测试店铺5(String), test5(String), null, test5(String), test5(String), 1(Integer), 2020-07-23 13:00:37.765(Timestamp), 2020-07-23 13:00:37.765(Timestamp), 0(Integer), 审核中(String)
2020-07-23 13:00:37.891[main] DEBUG com.o2o.dao.ShopDao.insertShop - <==    Updates: 1
2020-07-23 13:00:38.184[main] DEBUG com.o2o.dao.ShopDao.updateShop - ==>  Preparing: update tb_shop SET shop_name=?, shop_desc=?, phone=?, shop_img=?, priority=?, last_edit_time=?, enable_status=?, advice=?, shop_category_id=? where shop_id=?
2020-07-23 13:00:38.185[main] DEBUG com.o2o.dao.ShopDao.updateShop - ==> Parameters: 测试店铺5(String), test5(String), test5(String), \upload\item\shop14\2020072313003710546.png(String), 1(Integer), 2020-07-23 13:00:37.765(Timestamp), 0(Integer), 审核中(String), 1(Long), 14(Long)
2020-07-23 13:00:38.188[main] DEBUG com.o2o.dao.ShopDao.updateShop - <==    Updates: 1
2020-07-23 13:01:35.502[main] DEBUG com.o2o.dao.ShopDao.insertShop - ==>  Preparing: INSERT INTO tb_shop(owner_id,area_id,shop_category_id,shop_name,shop_desc,shop_addr, phone,shop_img,priority,create_time,last_edit_time,enable_status,advice) VALUES (?,?,?,?,?,?, ?,?,?,?,?,?,?)
2020-07-23 13:01:35.573[main] DEBUG com.o2o.dao.ShopDao.insertShop - ==> Parameters: 1(Long), 2(Integer), 1(Long), 测试店铺6(String), test5(String), null, test5(String), test5(String), 1(Integer), 2020-07-23 13:01:35.442(Timestamp), 2020-07-23 13:01:35.442(Timestamp), 0(Integer), 审核中(String)
2020-07-23 13:01:35.576[main] DEBUG com.o2o.dao.ShopDao.insertShop - <==    Updates: 1
